[debug] [2023-02-17T22:43:09.466Z] ----------------------------------------------------------------------
[debug] [2023-02-17T22:43:09.469Z] Command:       C:\Program Files\nodejs\node.exe C:\Users\omarb\AppData\Roaming\npm\node_modules\firebase-tools\lib\bin\firebase.js emulators:start --only functions
[debug] [2023-02-17T22:43:09.470Z] CLI Version:   11.22.0
[debug] [2023-02-17T22:43:09.470Z] Platform:      win32
[debug] [2023-02-17T22:43:09.470Z] Node Version:  v16.15.1
[debug] [2023-02-17T22:43:09.776Z] Time:          Sat Feb 18 2023 00:43:09 GMT+0200 (Eastern European Standard Time)
[debug] [2023-02-17T22:43:09.777Z] ----------------------------------------------------------------------
[debug] 
[debug] [2023-02-17T22:43:09.827Z] >>> [apiv2][query] GET https://firebase-public.firebaseio.com/cli.json [none]
[debug] [2023-02-17T22:43:09.969Z] > command requires scopes: ["email","openid","https://www.googleapis.com/auth/cloudplatformprojects.readonly","https://www.googleapis.com/auth/firebase","https://www.googleapis.com/auth/cloud-platform"]
[debug] [2023-02-17T22:43:09.970Z] > authorizing via signed-in user (omarbazeed@gmail.com)
[info] i  emulators: Starting emulators: functions {"metadata":{"emulator":{"name":"hub"},"message":"Starting emulators: functions"}}
[debug] [2023-02-17T22:43:09.984Z] [logging] Logging Emulator only supports listening on one address (127.0.0.1). Not listening on ::1
[debug] [2023-02-17T22:43:09.984Z] assigned listening specs for emulators {"user":{"hub":[{"address":"127.0.0.1","family":"IPv4","port":4400},{"address":"::1","family":"IPv6","port":4400}],"ui":[{"address":"127.0.0.1","family":"IPv4","port":4000},{"address":"::1","family":"IPv6","port":4000}],"logging":[{"address":"127.0.0.1","family":"IPv4","port":4500}]},"metadata":{"message":"assigned listening specs for emulators"}}
[debug] [2023-02-17T22:43:09.995Z] [hub] writing locator at C:\Users\omarb\AppData\Local\Temp\hub-clone-28b89.json
[debug] [2023-02-17T22:43:10.021Z] [functions] Functions Emulator only supports listening on one address (127.0.0.1). Not listening on ::1
[debug] [2023-02-17T22:43:10.021Z] [eventarc] Eventarc Emulator only supports listening on one address (127.0.0.1). Not listening on ::1
[debug] [2023-02-17T22:43:10.022Z] late-assigned ports for functions and eventarc emulators {"user":{"hub":[{"address":"127.0.0.1","family":"IPv4","port":4400},{"address":"::1","family":"IPv6","port":4400}],"ui":[{"address":"127.0.0.1","family":"IPv4","port":4000},{"address":"::1","family":"IPv6","port":4000}],"logging":[{"address":"127.0.0.1","family":"IPv4","port":4500}],"functions":[{"address":"127.0.0.1","family":"IPv4","port":5001}],"eventarc":[{"address":"127.0.0.1","family":"IPv4","port":9299}]},"metadata":{"message":"late-assigned ports for functions and eventarc emulators"}}
[warn] !  functions: The following emulators are not running, calls to these services from the Functions emulator will affect production: auth, firestore, database, hosting, pubsub, storage {"metadata":{"emulator":{"name":"functions"},"message":"The following emulators are not running, calls to these services from the Functions emulator will affect production: \u001b[1mauth, firestore, database, hosting, pubsub, storage\u001b[22m"}}
[debug] [2023-02-17T22:43:10.043Z] defaultcredentials: writing to file C:\Users\omarb\AppData\Roaming\firebase\omarbazeed_gmail_com_application_default_credentials.json
[debug] [2023-02-17T22:43:10.477Z] Setting GAC to C:\Users\omarb\AppData\Roaming\firebase\omarbazeed_gmail_com_application_default_credentials.json {"metadata":{"emulator":{"name":"functions"},"message":"Setting GAC to C:\\Users\\omarb\\AppData\\Roaming\\firebase\\omarbazeed_gmail_com_application_default_credentials.json"}}
[debug] [2023-02-17T22:43:10.479Z] > refreshing access token with scopes: []
[debug] [2023-02-17T22:43:10.480Z] >>> [apiv2][query] POST https://www.googleapis.com/oauth2/v3/token [none]
[debug] [2023-02-17T22:43:10.481Z] >>> [apiv2][body] POST https://www.googleapis.com/oauth2/v3/token [omitted]
[debug] [2023-02-17T22:43:10.502Z] <<< [apiv2][status] GET https://firebase-public.firebaseio.com/cli.json 200
[debug] [2023-02-17T22:43:10.502Z] <<< [apiv2][body] GET https://firebase-public.firebaseio.com/cli.json {"cloudBuildErrorAfter":1594252800000,"cloudBuildWarnAfter":1590019200000,"defaultNode10After":1594252800000,"minVersion":"3.0.5","node8DeploysDisabledAfter":1613390400000,"node8RuntimeDisabledAfter":1615809600000,"node8WarnAfter":1600128000000}
[debug] [2023-02-17T22:43:11.024Z] <<< [apiv2][status] POST https://www.googleapis.com/oauth2/v3/token 200
[debug] [2023-02-17T22:43:11.024Z] <<< [apiv2][body] POST https://www.googleapis.com/oauth2/v3/token [omitted]
[debug] [2023-02-17T22:43:11.171Z] >>> [apiv2][query] GET https://firebase.googleapis.com/v1beta1/projects/clone-28b89/adminSdkConfig [none]
[debug] [2023-02-17T22:43:11.795Z] <<< [apiv2][status] GET https://firebase.googleapis.com/v1beta1/projects/clone-28b89/adminSdkConfig 200
[debug] [2023-02-17T22:43:11.795Z] <<< [apiv2][body] GET https://firebase.googleapis.com/v1beta1/projects/clone-28b89/adminSdkConfig {"projectId":"clone-28b89","databaseURL":"https://clone-28b89-default-rtdb.europe-west1.firebasedatabase.app","storageBucket":"clone-28b89.appspot.com"}
[debug] [2023-02-17T22:43:11.901Z] Ignoring unsupported arg: auto_download {"metadata":{"emulator":{"name":"ui"},"message":"Ignoring unsupported arg: auto_download"}}
[debug] [2023-02-17T22:43:11.902Z] Ignoring unsupported arg: port {"metadata":{"emulator":{"name":"ui"},"message":"Ignoring unsupported arg: port"}}
[debug] [2023-02-17T22:43:11.902Z] Starting Emulator UI with command {"binary":"node","args":["C:\\Users\\omarb\\.cache\\firebase\\emulators\\ui-v1.11.2\\server\\server.js"],"optionalArgs":[],"joinArgs":false} {"metadata":{"emulator":{"name":"ui"},"message":"Starting Emulator UI with command {\"binary\":\"node\",\"args\":[\"C:\\\\Users\\\\omarb\\\\.cache\\\\firebase\\\\emulators\\\\ui-v1.11.2\\\\server\\\\server.js\"],\"optionalArgs\":[],\"joinArgs\":false}"}}
[info] i  ui: Emulator UI logging to ui-debug.log {"metadata":{"emulator":{"name":"ui"},"message":"Emulator UI logging to \u001b[1mui-debug.log\u001b[22m"}}
[debug] [2023-02-17T22:43:12.145Z] Web / API server started at 127.0.0.1:4000
 {"metadata":{"emulator":{"name":"ui"},"message":"Web / API server started at 127.0.0.1:4000\n"}}
[debug] [2023-02-17T22:43:12.145Z] Web / API server started at ::1:4000
 {"metadata":{"emulator":{"name":"ui"},"message":"Web / API server started at ::1:4000\n"}}
[info] i  functions: Watching "D:\front-end\Running Projects\full-stack-amazon-clone\functions" for Cloud Functions... {"metadata":{"emulator":{"name":"functions"},"message":"Watching \"D:\\front-end\\Running Projects\\full-stack-amazon-clone\\functions\" for Cloud Functions..."}}
[debug] [2023-02-17T22:43:12.181Z] Validating nodejs source
[warn] !  functions: package.json indicates an outdated version of firebase-functions. Please upgrade using npm install --save firebase-functions@latest in your functions directory. 
[warn] !  functions: Please note that there will be breaking changes when you upgrade. 
[debug] [2023-02-17T22:43:14.474Z] > [functions] package.json contents: {
  "name": "functions",
  "description": "Cloud Functions for Firebase",
  "scripts": {
    "lint": "eslint .",
    "serve": "firebase emulators:start --only functions",
    "shell": "firebase functions:shell",
    "start": "npm run shell",
    "deploy": "firebase deploy --only functions",
    "logs": "firebase functions:log"
  },
  "engines": {
    "node": "16"
  },
  "main": "index.js",
  "dependencies": {
    "cors": "^2.8.5",
    "express": "^4.18.2",
    "firebase-admin": "^10.0.2",
    "firebase-functions": "^3.18.0",
    "stripe": "^11.9.1"
  },
  "devDependencies": {
    "eslint": "^8.9.0",
    "eslint-config-google": "^0.14.0",
    "firebase-functions-test": "^0.2.0"
  },
  "private": true
}
[debug] [2023-02-17T22:43:14.475Z] Building nodejs source
[debug] [2023-02-17T22:43:14.476Z] Failed to find version of module node: reached end of search path D:\front-end\Running Projects\full-stack-amazon-clone\functions\node_modules
[info] +  functions: Using node@16 from host. 
[info] i  functions: Loaded environment variables from .env. 
[debug] [2023-02-17T22:43:14.488Z] Could not find functions.yaml. Must use http discovery
[debug] [2023-02-17T22:43:14.521Z] Found firebase-functions binary at 'D:\front-end\Running Projects\full-stack-amazon-clone\functions\node_modules\.bin\firebase-functions'
[debug] [2023-02-17T22:43:15.138Z] Serving at port 8546

[debug] [2023-02-17T22:43:15.403Z] Got response from /__/functions.yaml {"endpoints":{"api":{"platform":"gcfv1","httpsTrigger":{},"entryPoint":"api"}},"specVersion":"v1alpha1","requiredAPIs":[]}
[debug] [2023-02-17T22:43:15.416Z] shutdown requested via /__/quitquitquit

[info] +  functions: Loaded functions definitions from source: api. {"metadata":{"emulator":{"name":"functions"},"message":"Loaded functions definitions from source: api."}}
[info] +  functions[us-central1-api]: http function initialized (http://127.0.0.1:5001/clone-28b89/us-central1/api). {"metadata":{"emulator":{"name":"functions"},"message":"\u001b[1mhttp\u001b[22m function initialized (http://127.0.0.1:5001/clone-28b89/us-central1/api)."}}
[info] 
┌─────────────────────────────────────────────────────────────┐
│ ✔  All emulators ready! It is now safe to connect your app. │
│ i  View Emulator UI at http://127.0.0.1:4000/               │
└─────────────────────────────────────────────────────────────┘

┌───────────┬────────────────┬─────────────────────────────────┐
│ Emulator  │ Host:Port      │ View in Emulator UI             │
├───────────┼────────────────┼─────────────────────────────────┤
│ Functions │ 127.0.0.1:5001 │ http://127.0.0.1:4000/functions │
└───────────┴────────────────┴─────────────────────────────────┘
  Emulator Hub running at 127.0.0.1:4400
  Other reserved ports: 4500

Issues? Report them at https://github.com/firebase/firebase-tools/issues and attach the *-debug.log files.
 
[debug] [2023-02-17T22:43:22.856Z] [work-queue] {"queuedWork":["/clone-28b89/us-central1/api-2023-02-17T22:43:22.856Z"],"queueLength":1,"runningWork":[],"workRunningCount":0}
[debug] [2023-02-17T22:43:22.857Z] [work-queue] {"queuedWork":[],"queueLength":0,"runningWork":["/clone-28b89/us-central1/api-2023-02-17T22:43:22.856Z"],"workRunningCount":1}
[debug] [2023-02-17T22:43:22.857Z] Accepted request GET /clone-28b89/us-central1/api --> us-central1-api
[debug] [2023-02-17T22:43:22.861Z] [functions] Runtime ready! Sending request! {"metadata":{"emulator":{"name":"functions"},"message":"[functions] Runtime ready! Sending request!"}}
[debug] [2023-02-17T22:43:22.862Z] [functions] Got req.url=/clone-28b89/us-central1/api, mapping to path=/ {"metadata":{"emulator":{"name":"functions"},"message":"[functions] Got req.url=/clone-28b89/us-central1/api, mapping to path=/"}}
[info] i  functions: Loaded environment variables from .env. 
[debug] [2023-02-17T22:43:22.879Z] [worker-pool] addWorker(us-central1-api) {"metadata":{"emulator":{"name":"functions"},"message":"[worker-pool] addWorker(us-central1-api)"}}
[debug] [2023-02-17T22:43:22.879Z] [worker-pool] Adding worker with key us-central1-api, total=1 {"metadata":{"emulator":{"name":"functions"},"message":"[worker-pool] Adding worker with key us-central1-api, total=1"}}
[debug] [2023-02-17T22:43:24.606Z] [runtime-status] [4560] Resolved module firebase-admin {"declared":true,"installed":true,"version":"10.3.0","resolution":"D:\\front-end\\Running Projects\\full-stack-amazon-clone\\functions\\node_modules\\firebase-admin\\lib\\index.js"} {"metadata":{"emulator":{"name":"functions"},"function":{"name":"us-central1-api"},"extension":{},"message":"[runtime-status] [4560] Resolved module firebase-admin {\"declared\":true,\"installed\":true,\"version\":\"10.3.0\",\"resolution\":\"D:\\\\front-end\\\\Running Projects\\\\full-stack-amazon-clone\\\\functions\\\\node_modules\\\\firebase-admin\\\\lib\\\\index.js\"}"}}
[debug] [2023-02-17T22:43:24.608Z] [runtime-status] [4560] Resolved module firebase-functions {"declared":true,"installed":true,"version":"3.24.1","resolution":"D:\\front-end\\Running Projects\\full-stack-amazon-clone\\functions\\node_modules\\firebase-functions\\lib\\index.js"} {"metadata":{"emulator":{"name":"functions"},"function":{"name":"us-central1-api"},"extension":{},"message":"[runtime-status] [4560] Resolved module firebase-functions {\"declared\":true,\"installed\":true,\"version\":\"3.24.1\",\"resolution\":\"D:\\\\front-end\\\\Running Projects\\\\full-stack-amazon-clone\\\\functions\\\\node_modules\\\\firebase-functions\\\\lib\\\\index.js\"}"}}
[debug] [2023-02-17T22:43:24.608Z] [runtime-status] [4560] Outgoing network have been stubbed. [{"name":"http","status":"mocked"},{"name":"http","status":"mocked"},{"name":"https","status":"mocked"},{"name":"https","status":"mocked"},{"name":"net","status":"mocked"}] {"metadata":{"emulator":{"name":"functions"},"function":{"name":"us-central1-api"},"extension":{},"message":"[runtime-status] [4560] Outgoing network have been stubbed. [{\"name\":\"http\",\"status\":\"mocked\"},{\"name\":\"http\",\"status\":\"mocked\"},{\"name\":\"https\",\"status\":\"mocked\"},{\"name\":\"https\",\"status\":\"mocked\"},{\"name\":\"net\",\"status\":\"mocked\"}]"}}
[debug] [2023-02-17T22:43:24.609Z] [runtime-status] [4560] Resolved module firebase-functions {"declared":true,"installed":true,"version":"3.24.1","resolution":"D:\\front-end\\Running Projects\\full-stack-amazon-clone\\functions\\node_modules\\firebase-functions\\lib\\index.js"} {"metadata":{"emulator":{"name":"functions"},"function":{"name":"us-central1-api"},"extension":{},"message":"[runtime-status] [4560] Resolved module firebase-functions {\"declared\":true,\"installed\":true,\"version\":\"3.24.1\",\"resolution\":\"D:\\\\front-end\\\\Running Projects\\\\full-stack-amazon-clone\\\\functions\\\\node_modules\\\\firebase-functions\\\\lib\\\\index.js\"}"}}
[debug] [2023-02-17T22:43:24.670Z] [runtime-status] [4560] Checked functions.config() {"config":{}} {"metadata":{"emulator":{"name":"functions"},"function":{"name":"us-central1-api"},"extension":{},"message":"[runtime-status] [4560] Checked functions.config() {\"config\":{}}"}}
[debug] [2023-02-17T22:43:24.671Z] [runtime-status] [4560] firebase-functions has been stubbed. {"functionsResolution":{"declared":true,"installed":true,"version":"3.24.1","resolution":"D:\\front-end\\Running Projects\\full-stack-amazon-clone\\functions\\node_modules\\firebase-functions\\lib\\index.js"}} {"metadata":{"emulator":{"name":"functions"},"function":{"name":"us-central1-api"},"extension":{},"message":"[runtime-status] [4560] firebase-functions has been stubbed. {\"functionsResolution\":{\"declared\":true,\"installed\":true,\"version\":\"3.24.1\",\"resolution\":\"D:\\\\front-end\\\\Running Projects\\\\full-stack-amazon-clone\\\\functions\\\\node_modules\\\\firebase-functions\\\\lib\\\\index.js\"}}"}}
[debug] [2023-02-17T22:43:24.672Z] [runtime-status] [4560] Resolved module firebase-functions {"declared":true,"installed":true,"version":"3.24.1","resolution":"D:\\front-end\\Running Projects\\full-stack-amazon-clone\\functions\\node_modules\\firebase-functions\\lib\\index.js"} {"metadata":{"emulator":{"name":"functions"},"function":{"name":"us-central1-api"},"extension":{},"message":"[runtime-status] [4560] Resolved module firebase-functions {\"declared\":true,\"installed\":true,\"version\":\"3.24.1\",\"resolution\":\"D:\\\\front-end\\\\Running Projects\\\\full-stack-amazon-clone\\\\functions\\\\node_modules\\\\firebase-functions\\\\lib\\\\index.js\"}"}}
[debug] [2023-02-17T22:43:24.673Z] [runtime-status] [4560] Resolved module firebase-admin {"declared":true,"installed":true,"version":"10.3.0","resolution":"D:\\front-end\\Running Projects\\full-stack-amazon-clone\\functions\\node_modules\\firebase-admin\\lib\\index.js"} {"metadata":{"emulator":{"name":"functions"},"function":{"name":"us-central1-api"},"extension":{},"message":"[runtime-status] [4560] Resolved module firebase-admin {\"declared\":true,\"installed\":true,\"version\":\"10.3.0\",\"resolution\":\"D:\\\\front-end\\\\Running Projects\\\\full-stack-amazon-clone\\\\functions\\\\node_modules\\\\firebase-admin\\\\lib\\\\index.js\"}"}}
[debug] [2023-02-17T22:43:24.674Z] [runtime-status] [4560] Resolved module firebase-functions {"declared":true,"installed":true,"version":"3.24.1","resolution":"D:\\front-end\\Running Projects\\full-stack-amazon-clone\\functions\\node_modules\\firebase-functions\\lib\\index.js"} {"metadata":{"emulator":{"name":"functions"},"function":{"name":"us-central1-api"},"extension":{},"message":"[runtime-status] [4560] Resolved module firebase-functions {\"declared\":true,\"installed\":true,\"version\":\"3.24.1\",\"resolution\":\"D:\\\\front-end\\\\Running Projects\\\\full-stack-amazon-clone\\\\functions\\\\node_modules\\\\firebase-functions\\\\lib\\\\index.js\"}"}}
[debug] [2023-02-17T22:43:24.675Z] [runtime-status] [4560] firebase-admin has been stubbed. {"adminResolution":{"declared":true,"installed":true,"version":"10.3.0","resolution":"D:\\front-end\\Running Projects\\full-stack-amazon-clone\\functions\\node_modules\\firebase-admin\\lib\\index.js"}} {"metadata":{"emulator":{"name":"functions"},"function":{"name":"us-central1-api"},"extension":{},"message":"[runtime-status] [4560] firebase-admin has been stubbed. {\"adminResolution\":{\"declared\":true,\"installed\":true,\"version\":\"10.3.0\",\"resolution\":\"D:\\\\front-end\\\\Running Projects\\\\full-stack-amazon-clone\\\\functions\\\\node_modules\\\\firebase-admin\\\\lib\\\\index.js\"}}"}}
[debug] [2023-02-17T22:43:24.883Z] [runtime-status] [4560] Functions runtime initialized. {"cwd":"D:\\front-end\\Running Projects\\full-stack-amazon-clone\\functions","node_version":"16.15.1"} {"metadata":{"emulator":{"name":"functions"},"function":{"name":"us-central1-api"},"extension":{},"message":"[runtime-status] [4560] Functions runtime initialized. {\"cwd\":\"D:\\\\front-end\\\\Running Projects\\\\full-stack-amazon-clone\\\\functions\",\"node_version\":\"16.15.1\"}"}}
[debug] [2023-02-17T22:43:24.883Z] [runtime-status] [4560] Listening to port: \\?\pipe\fire_emu_6f93396089233654 {"metadata":{"emulator":{"name":"functions"},"function":{"name":"us-central1-api"},"extension":{},"message":"[runtime-status] [4560] Listening to port: \\\\?\\pipe\\fire_emu_6f93396089233654"}}
[debug] [2023-02-17T22:43:24.971Z] [worker-us-central1-api-dd4ac834-c8fe-4f18-b4ee-afdc3f6804e9]: IDLE {"metadata":{"emulator":{"name":"functions"},"message":"[worker-us-central1-api-dd4ac834-c8fe-4f18-b4ee-afdc3f6804e9]: IDLE"}}
[debug] [2023-02-17T22:43:24.972Z] [worker-pool] submitRequest(triggerId=us-central1-api) {"metadata":{"emulator":{"name":"functions"},"message":"[worker-pool] submitRequest(triggerId=us-central1-api)"}}
[debug] [2023-02-17T22:43:24.972Z] [worker-us-central1-api-dd4ac834-c8fe-4f18-b4ee-afdc3f6804e9]: BUSY {"metadata":{"emulator":{"name":"functions"},"message":"[worker-us-central1-api-dd4ac834-c8fe-4f18-b4ee-afdc3f6804e9]: BUSY"}}
[info] i  functions: Beginning execution of "api" {"metadata":{"emulator":{"name":"functions"},"function":{"name":"us-central1-api"},"extension":{},"message":"Beginning execution of \"api\""}}
[debug] [2023-02-17T22:43:24.983Z] [worker-us-central1-api-dd4ac834-c8fe-4f18-b4ee-afdc3f6804e9]: IDLE {"metadata":{"emulator":{"name":"functions"},"message":"[worker-us-central1-api-dd4ac834-c8fe-4f18-b4ee-afdc3f6804e9]: IDLE"}}
[debug] [2023-02-17T22:43:24.983Z] [work-queue] {"queuedWork":[],"queueLength":0,"runningWork":[],"workRunningCount":0}
[info] i  functions: Finished "api" in 5.298ms {"metadata":{"emulator":{"name":"functions"},"function":{"name":"us-central1-api"},"extension":{},"message":"Finished \"api\" in 5.298ms"}}
[debug] [2023-02-17T22:43:25.159Z] Functions emulator received unknown request at path /favicon.ico
[debug] [2023-02-17T22:45:08.630Z] [work-queue] {"queuedWork":["/clone-28b89/us-central1/api/payments/create-2023-02-17T22:45:08.630Z"],"queueLength":1,"runningWork":[],"workRunningCount":0}
[debug] [2023-02-17T22:45:08.631Z] [work-queue] {"queuedWork":[],"queueLength":0,"runningWork":["/clone-28b89/us-central1/api/payments/create-2023-02-17T22:45:08.630Z"],"workRunningCount":1}
[debug] [2023-02-17T22:45:08.631Z] Accepted request POST /clone-28b89/us-central1/api/payments/create?total=108000 --> us-central1-api
[debug] [2023-02-17T22:45:08.635Z] [functions] Runtime ready! Sending request! {"metadata":{"emulator":{"name":"functions"},"message":"[functions] Runtime ready! Sending request!"}}
[debug] [2023-02-17T22:45:08.635Z] [functions] Got req.url=/clone-28b89/us-central1/api/payments/create?total=108000, mapping to path=/payments/create?total=108000 {"metadata":{"emulator":{"name":"functions"},"message":"[functions] Got req.url=/clone-28b89/us-central1/api/payments/create?total=108000, mapping to path=/payments/create?total=108000"}}
[debug] [2023-02-17T22:45:08.635Z] [worker-pool] submitRequest(triggerId=us-central1-api) {"metadata":{"emulator":{"name":"functions"},"message":"[worker-pool] submitRequest(triggerId=us-central1-api)"}}
[debug] [2023-02-17T22:45:08.636Z] [worker-us-central1-api-dd4ac834-c8fe-4f18-b4ee-afdc3f6804e9]: BUSY {"metadata":{"emulator":{"name":"functions"},"message":"[worker-us-central1-api-dd4ac834-c8fe-4f18-b4ee-afdc3f6804e9]: BUSY"}}
[info] i  functions: Beginning execution of "api" {"metadata":{"emulator":{"name":"functions"},"function":{"name":"us-central1-api"},"extension":{},"message":"Beginning execution of \"api\""}}
[debug] [2023-02-17T22:45:08.731Z] [work-queue] {"queuedWork":["/clone-28b89/us-central1/api/payments/create-2023-02-17T22:45:08.731Z"],"queueLength":1,"runningWork":["/clone-28b89/us-central1/api/payments/create-2023-02-17T22:45:08.630Z"],"workRunningCount":1}
[debug] [2023-02-17T22:45:08.731Z] [work-queue] {"queuedWork":[],"queueLength":0,"runningWork":["/clone-28b89/us-central1/api/payments/create-2023-02-17T22:45:08.630Z","/clone-28b89/us-central1/api/payments/create-2023-02-17T22:45:08.731Z"],"workRunningCount":2}
[debug] [2023-02-17T22:45:08.731Z] Accepted request POST /clone-28b89/us-central1/api/payments/create?total=108000 --> us-central1-api
[debug] [2023-02-17T22:45:08.735Z] [functions] Runtime ready! Sending request! {"metadata":{"emulator":{"name":"functions"},"message":"[functions] Runtime ready! Sending request!"}}
[debug] [2023-02-17T22:45:08.736Z] [functions] Got req.url=/clone-28b89/us-central1/api/payments/create?total=108000, mapping to path=/payments/create?total=108000 {"metadata":{"emulator":{"name":"functions"},"message":"[functions] Got req.url=/clone-28b89/us-central1/api/payments/create?total=108000, mapping to path=/payments/create?total=108000"}}
[info] i  functions: Loaded environment variables from .env. 
[debug] [2023-02-17T22:45:08.757Z] [worker-pool] addWorker(us-central1-api) {"metadata":{"emulator":{"name":"functions"},"message":"[worker-pool] addWorker(us-central1-api)"}}
[debug] [2023-02-17T22:45:08.757Z] [worker-pool] Adding worker with key us-central1-api, total=2 {"metadata":{"emulator":{"name":"functions"},"message":"[worker-pool] Adding worker with key us-central1-api, total=2"}}
[debug] [2023-02-17T22:45:09.671Z] [worker-us-central1-api-dd4ac834-c8fe-4f18-b4ee-afdc3f6804e9]: IDLE {"metadata":{"emulator":{"name":"functions"},"message":"[worker-us-central1-api-dd4ac834-c8fe-4f18-b4ee-afdc3f6804e9]: IDLE"}}
[debug] [2023-02-17T22:45:09.671Z] [work-queue] {"queuedWork":[],"queueLength":0,"runningWork":["/clone-28b89/us-central1/api/payments/create-2023-02-17T22:45:08.731Z"],"workRunningCount":1}
[info] i  functions: Finished "api" in 1029.5272ms {"metadata":{"emulator":{"name":"functions"},"function":{"name":"us-central1-api"},"extension":{},"message":"Finished \"api\" in 1029.5272ms"}}
[debug] [2023-02-17T22:45:11.005Z] [runtime-status] [13924] Resolved module firebase-admin {"declared":true,"installed":true,"version":"10.3.0","resolution":"D:\\front-end\\Running Projects\\full-stack-amazon-clone\\functions\\node_modules\\firebase-admin\\lib\\index.js"} {"metadata":{"emulator":{"name":"functions"},"function":{"name":"us-central1-api"},"extension":{},"message":"[runtime-status] [13924] Resolved module firebase-admin {\"declared\":true,\"installed\":true,\"version\":\"10.3.0\",\"resolution\":\"D:\\\\front-end\\\\Running Projects\\\\full-stack-amazon-clone\\\\functions\\\\node_modules\\\\firebase-admin\\\\lib\\\\index.js\"}"}}
[debug] [2023-02-17T22:45:11.006Z] [runtime-status] [13924] Resolved module firebase-functions {"declared":true,"installed":true,"version":"3.24.1","resolution":"D:\\front-end\\Running Projects\\full-stack-amazon-clone\\functions\\node_modules\\firebase-functions\\lib\\index.js"} {"metadata":{"emulator":{"name":"functions"},"function":{"name":"us-central1-api"},"extension":{},"message":"[runtime-status] [13924] Resolved module firebase-functions {\"declared\":true,\"installed\":true,\"version\":\"3.24.1\",\"resolution\":\"D:\\\\front-end\\\\Running Projects\\\\full-stack-amazon-clone\\\\functions\\\\node_modules\\\\firebase-functions\\\\lib\\\\index.js\"}"}}
[debug] [2023-02-17T22:45:11.007Z] [runtime-status] [13924] Outgoing network have been stubbed. [{"name":"http","status":"mocked"},{"name":"http","status":"mocked"},{"name":"https","status":"mocked"},{"name":"https","status":"mocked"},{"name":"net","status":"mocked"}] {"metadata":{"emulator":{"name":"functions"},"function":{"name":"us-central1-api"},"extension":{},"message":"[runtime-status] [13924] Outgoing network have been stubbed. [{\"name\":\"http\",\"status\":\"mocked\"},{\"name\":\"http\",\"status\":\"mocked\"},{\"name\":\"https\",\"status\":\"mocked\"},{\"name\":\"https\",\"status\":\"mocked\"},{\"name\":\"net\",\"status\":\"mocked\"}]"}}
[debug] [2023-02-17T22:45:11.008Z] [runtime-status] [13924] Resolved module firebase-functions {"declared":true,"installed":true,"version":"3.24.1","resolution":"D:\\front-end\\Running Projects\\full-stack-amazon-clone\\functions\\node_modules\\firebase-functions\\lib\\index.js"} {"metadata":{"emulator":{"name":"functions"},"function":{"name":"us-central1-api"},"extension":{},"message":"[runtime-status] [13924] Resolved module firebase-functions {\"declared\":true,\"installed\":true,\"version\":\"3.24.1\",\"resolution\":\"D:\\\\front-end\\\\Running Projects\\\\full-stack-amazon-clone\\\\functions\\\\node_modules\\\\firebase-functions\\\\lib\\\\index.js\"}"}}
[debug] [2023-02-17T22:45:11.066Z] [runtime-status] [13924] Checked functions.config() {"config":{}} {"metadata":{"emulator":{"name":"functions"},"function":{"name":"us-central1-api"},"extension":{},"message":"[runtime-status] [13924] Checked functions.config() {\"config\":{}}"}}
[debug] [2023-02-17T22:45:11.066Z] [runtime-status] [13924] firebase-functions has been stubbed. {"functionsResolution":{"declared":true,"installed":true,"version":"3.24.1","resolution":"D:\\front-end\\Running Projects\\full-stack-amazon-clone\\functions\\node_modules\\firebase-functions\\lib\\index.js"}} {"metadata":{"emulator":{"name":"functions"},"function":{"name":"us-central1-api"},"extension":{},"message":"[runtime-status] [13924] firebase-functions has been stubbed. {\"functionsResolution\":{\"declared\":true,\"installed\":true,\"version\":\"3.24.1\",\"resolution\":\"D:\\\\front-end\\\\Running Projects\\\\full-stack-amazon-clone\\\\functions\\\\node_modules\\\\firebase-functions\\\\lib\\\\index.js\"}}"}}
[debug] [2023-02-17T22:45:11.067Z] [runtime-status] [13924] Resolved module firebase-functions {"declared":true,"installed":true,"version":"3.24.1","resolution":"D:\\front-end\\Running Projects\\full-stack-amazon-clone\\functions\\node_modules\\firebase-functions\\lib\\index.js"} {"metadata":{"emulator":{"name":"functions"},"function":{"name":"us-central1-api"},"extension":{},"message":"[runtime-status] [13924] Resolved module firebase-functions {\"declared\":true,\"installed\":true,\"version\":\"3.24.1\",\"resolution\":\"D:\\\\front-end\\\\Running Projects\\\\full-stack-amazon-clone\\\\functions\\\\node_modules\\\\firebase-functions\\\\lib\\\\index.js\"}"}}
[debug] [2023-02-17T22:45:11.069Z] [runtime-status] [13924] Resolved module firebase-admin {"declared":true,"installed":true,"version":"10.3.0","resolution":"D:\\front-end\\Running Projects\\full-stack-amazon-clone\\functions\\node_modules\\firebase-admin\\lib\\index.js"} {"metadata":{"emulator":{"name":"functions"},"function":{"name":"us-central1-api"},"extension":{},"message":"[runtime-status] [13924] Resolved module firebase-admin {\"declared\":true,\"installed\":true,\"version\":\"10.3.0\",\"resolution\":\"D:\\\\front-end\\\\Running Projects\\\\full-stack-amazon-clone\\\\functions\\\\node_modules\\\\firebase-admin\\\\lib\\\\index.js\"}"}}
[debug] [2023-02-17T22:45:11.070Z] [runtime-status] [13924] Resolved module firebase-functions {"declared":true,"installed":true,"version":"3.24.1","resolution":"D:\\front-end\\Running Projects\\full-stack-amazon-clone\\functions\\node_modules\\firebase-functions\\lib\\index.js"} {"metadata":{"emulator":{"name":"functions"},"function":{"name":"us-central1-api"},"extension":{},"message":"[runtime-status] [13924] Resolved module firebase-functions {\"declared\":true,\"installed\":true,\"version\":\"3.24.1\",\"resolution\":\"D:\\\\front-end\\\\Running Projects\\\\full-stack-amazon-clone\\\\functions\\\\node_modules\\\\firebase-functions\\\\lib\\\\index.js\"}"}}
[debug] [2023-02-17T22:45:11.070Z] [runtime-status] [13924] firebase-admin has been stubbed. {"adminResolution":{"declared":true,"installed":true,"version":"10.3.0","resolution":"D:\\front-end\\Running Projects\\full-stack-amazon-clone\\functions\\node_modules\\firebase-admin\\lib\\index.js"}} {"metadata":{"emulator":{"name":"functions"},"function":{"name":"us-central1-api"},"extension":{},"message":"[runtime-status] [13924] firebase-admin has been stubbed. {\"adminResolution\":{\"declared\":true,\"installed\":true,\"version\":\"10.3.0\",\"resolution\":\"D:\\\\front-end\\\\Running Projects\\\\full-stack-amazon-clone\\\\functions\\\\node_modules\\\\firebase-admin\\\\lib\\\\index.js\"}}"}}
[debug] [2023-02-17T22:45:11.271Z] [runtime-status] [13924] Functions runtime initialized. {"cwd":"D:\\front-end\\Running Projects\\full-stack-amazon-clone\\functions","node_version":"16.15.1"} {"metadata":{"emulator":{"name":"functions"},"function":{"name":"us-central1-api"},"extension":{},"message":"[runtime-status] [13924] Functions runtime initialized. {\"cwd\":\"D:\\\\front-end\\\\Running Projects\\\\full-stack-amazon-clone\\\\functions\",\"node_version\":\"16.15.1\"}"}}
[debug] [2023-02-17T22:45:11.271Z] [runtime-status] [13924] Listening to port: \\?\pipe\fire_emu_359347c29ba46441 {"metadata":{"emulator":{"name":"functions"},"function":{"name":"us-central1-api"},"extension":{},"message":"[runtime-status] [13924] Listening to port: \\\\?\\pipe\\fire_emu_359347c29ba46441"}}
[debug] [2023-02-17T22:45:11.385Z] [worker-us-central1-api-4d4130ed-0e0b-4073-8b4a-2153a046a866]: IDLE {"metadata":{"emulator":{"name":"functions"},"message":"[worker-us-central1-api-4d4130ed-0e0b-4073-8b4a-2153a046a866]: IDLE"}}
[debug] [2023-02-17T22:45:11.385Z] [worker-pool] submitRequest(triggerId=us-central1-api) {"metadata":{"emulator":{"name":"functions"},"message":"[worker-pool] submitRequest(triggerId=us-central1-api)"}}
[debug] [2023-02-17T22:45:11.385Z] [worker-us-central1-api-dd4ac834-c8fe-4f18-b4ee-afdc3f6804e9]: BUSY {"metadata":{"emulator":{"name":"functions"},"message":"[worker-us-central1-api-dd4ac834-c8fe-4f18-b4ee-afdc3f6804e9]: BUSY"}}
[info] i  functions: Beginning execution of "api" {"metadata":{"emulator":{"name":"functions"},"function":{"name":"us-central1-api"},"extension":{},"message":"Beginning execution of \"api\""}}
[debug] [2023-02-17T22:45:11.776Z] [worker-us-central1-api-dd4ac834-c8fe-4f18-b4ee-afdc3f6804e9]: IDLE {"metadata":{"emulator":{"name":"functions"},"message":"[worker-us-central1-api-dd4ac834-c8fe-4f18-b4ee-afdc3f6804e9]: IDLE"}}
[debug] [2023-02-17T22:45:11.777Z] [work-queue] {"queuedWork":[],"queueLength":0,"runningWork":[],"workRunningCount":0}
[info] i  functions: Finished "api" in 389.2432ms {"metadata":{"emulator":{"name":"functions"},"function":{"name":"us-central1-api"},"extension":{},"message":"Finished \"api\" in 389.2432ms"}}
[debug] [2023-02-17T22:45:56.304Z] [work-queue] {"queuedWork":["/clone-28b89/us-central1/api/payments/create-2023-02-17T22:45:56.304Z"],"queueLength":1,"runningWork":[],"workRunningCount":0}
[debug] [2023-02-17T22:45:56.304Z] [work-queue] {"queuedWork":[],"queueLength":0,"runningWork":["/clone-28b89/us-central1/api/payments/create-2023-02-17T22:45:56.304Z"],"workRunningCount":1}
[debug] [2023-02-17T22:45:56.305Z] Accepted request POST /clone-28b89/us-central1/api/payments/create?total=60000 --> us-central1-api
[debug] [2023-02-17T22:45:56.308Z] [functions] Runtime ready! Sending request! {"metadata":{"emulator":{"name":"functions"},"message":"[functions] Runtime ready! Sending request!"}}
[debug] [2023-02-17T22:45:56.308Z] [functions] Got req.url=/clone-28b89/us-central1/api/payments/create?total=60000, mapping to path=/payments/create?total=60000 {"metadata":{"emulator":{"name":"functions"},"message":"[functions] Got req.url=/clone-28b89/us-central1/api/payments/create?total=60000, mapping to path=/payments/create?total=60000"}}
[debug] [2023-02-17T22:45:56.309Z] [worker-pool] submitRequest(triggerId=us-central1-api) {"metadata":{"emulator":{"name":"functions"},"message":"[worker-pool] submitRequest(triggerId=us-central1-api)"}}
[debug] [2023-02-17T22:45:56.309Z] [worker-us-central1-api-dd4ac834-c8fe-4f18-b4ee-afdc3f6804e9]: BUSY {"metadata":{"emulator":{"name":"functions"},"message":"[worker-us-central1-api-dd4ac834-c8fe-4f18-b4ee-afdc3f6804e9]: BUSY"}}
[debug] [2023-02-17T22:45:56.311Z] [work-queue] {"queuedWork":["/clone-28b89/us-central1/api/payments/create-2023-02-17T22:45:56.311Z"],"queueLength":1,"runningWork":["/clone-28b89/us-central1/api/payments/create-2023-02-17T22:45:56.304Z"],"workRunningCount":1}
[debug] [2023-02-17T22:45:56.311Z] [work-queue] {"queuedWork":[],"queueLength":0,"runningWork":["/clone-28b89/us-central1/api/payments/create-2023-02-17T22:45:56.304Z","/clone-28b89/us-central1/api/payments/create-2023-02-17T22:45:56.311Z"],"workRunningCount":2}
[debug] [2023-02-17T22:45:56.311Z] Accepted request POST /clone-28b89/us-central1/api/payments/create?total=60000 --> us-central1-api
[debug] [2023-02-17T22:45:56.316Z] [functions] Runtime ready! Sending request! {"metadata":{"emulator":{"name":"functions"},"message":"[functions] Runtime ready! Sending request!"}}
[debug] [2023-02-17T22:45:56.316Z] [functions] Got req.url=/clone-28b89/us-central1/api/payments/create?total=60000, mapping to path=/payments/create?total=60000 {"metadata":{"emulator":{"name":"functions"},"message":"[functions] Got req.url=/clone-28b89/us-central1/api/payments/create?total=60000, mapping to path=/payments/create?total=60000"}}
[debug] [2023-02-17T22:45:56.316Z] [worker-pool] submitRequest(triggerId=us-central1-api) {"metadata":{"emulator":{"name":"functions"},"message":"[worker-pool] submitRequest(triggerId=us-central1-api)"}}
[debug] [2023-02-17T22:45:56.316Z] [worker-us-central1-api-4d4130ed-0e0b-4073-8b4a-2153a046a866]: BUSY {"metadata":{"emulator":{"name":"functions"},"message":"[worker-us-central1-api-4d4130ed-0e0b-4073-8b4a-2153a046a866]: BUSY"}}
[info] i  functions: Beginning execution of "api" {"metadata":{"emulator":{"name":"functions"},"function":{"name":"us-central1-api"},"extension":{},"message":"Beginning execution of \"api\""}}
[info] i  functions: Beginning execution of "api" {"metadata":{"emulator":{"name":"functions"},"function":{"name":"us-central1-api"},"extension":{},"message":"Beginning execution of \"api\""}}
[debug] [2023-02-17T22:45:56.694Z] [worker-us-central1-api-dd4ac834-c8fe-4f18-b4ee-afdc3f6804e9]: IDLE {"metadata":{"emulator":{"name":"functions"},"message":"[worker-us-central1-api-dd4ac834-c8fe-4f18-b4ee-afdc3f6804e9]: IDLE"}}
[debug] [2023-02-17T22:45:56.695Z] [work-queue] {"queuedWork":[],"queueLength":0,"runningWork":["/clone-28b89/us-central1/api/payments/create-2023-02-17T22:45:56.311Z"],"workRunningCount":1}
[info] i  functions: Finished "api" in 381.7992ms {"metadata":{"emulator":{"name":"functions"},"function":{"name":"us-central1-api"},"extension":{},"message":"Finished \"api\" in 381.7992ms"}}
[debug] [2023-02-17T22:45:58.176Z] [worker-us-central1-api-4d4130ed-0e0b-4073-8b4a-2153a046a866]: IDLE {"metadata":{"emulator":{"name":"functions"},"message":"[worker-us-central1-api-4d4130ed-0e0b-4073-8b4a-2153a046a866]: IDLE"}}
[debug] [2023-02-17T22:45:58.177Z] [work-queue] {"queuedWork":[],"queueLength":0,"runningWork":[],"workRunningCount":0}
[info] i  functions: Finished "api" in 1853.5839ms {"metadata":{"emulator":{"name":"functions"},"function":{"name":"us-central1-api"},"extension":{},"message":"Finished \"api\" in 1853.5839ms"}}
